{"/home/green-peace/Tek3/AREA/AREAHIIIIII/server/source/reactions/create_spotify_playlist.js": {"path":"/home/green-peace/Tek3/AREA/AREAHIIIIII/server/source/reactions/create_spotify_playlist.js","statementMap":{"0":{"start":{"line":1,"column":14},"end":{"line":1,"column":35}},"1":{"start":{"line":4,"column":44},"end":{"line":4,"column":48}},"2":{"start":{"line":5,"column":4},"end":{"line":5,"column":62}},"3":{"start":{"line":7,"column":21},"end":{"line":21,"column":5}},"4":{"start":{"line":23,"column":4},"end":{"line":27,"column":5}},"5":{"start":{"line":24,"column":26},"end":{"line":24,"column":47}},"6":{"start":{"line":25,"column":8},"end":{"line":25,"column":43}},"7":{"start":{"line":26,"column":8},"end":{"line":26,"column":15}},"8":{"start":{"line":29,"column":25},"end":{"line":29,"column":46}},"9":{"start":{"line":30,"column":4},"end":{"line":30,"column":62}},"10":{"start":{"line":31,"column":4},"end":{"line":31,"column":24}},"11":{"start":{"line":34,"column":0},"end":{"line":34,"column":39}}},"fnMap":{"0":{"name":"createSpotifyPlaylist","decl":{"start":{"line":3,"column":15},"end":{"line":3,"column":36}},"loc":{"start":{"line":3,"column":50},"end":{"line":32,"column":1}},"line":3}},"branchMap":{"0":{"loc":{"start":{"line":18,"column":24},"end":{"line":18,"column":64}},"type":"cond-expr","locations":[{"start":{"line":18,"column":49},"end":{"line":18,"column":57}},{"start":{"line":18,"column":60},"end":{"line":18,"column":64}}],"line":18},"1":{"loc":{"start":{"line":23,"column":4},"end":{"line":27,"column":5}},"type":"if","locations":[{"start":{"line":23,"column":4},"end":{"line":27,"column":5}},{"start":{},"end":{}}],"line":23}},"s":{"0":1,"1":2,"2":2,"3":2,"4":2,"5":1,"6":1,"7":1,"8":1,"9":1,"10":1,"11":1},"f":{"0":2},"b":{"0":[2,0],"1":[1,1]},"_coverageSchema":"1a1c01bbd47fc00a2c39e90264f33305004495a9","hash":"1f6af1a256914d055629aabaa09cf105fc096f02"}
,"/home/green-peace/Tek3/AREA/AREAHIIIIII/server/source/reactions/send_email_gmail.js": {"path":"/home/green-peace/Tek3/AREA/AREAHIIIIII/server/source/reactions/send_email_gmail.js","statementMap":{"0":{"start":{"line":2,"column":4},"end":{"line":63,"column":5}},"1":{"start":{"line":3,"column":38},"end":{"line":3,"column":42}},"2":{"start":{"line":4,"column":8},"end":{"line":4,"column":37}},"3":{"start":{"line":7,"column":29},"end":{"line":12,"column":20}},"4":{"start":{"line":15,"column":29},"end":{"line":15,"column":132}},"5":{"start":{"line":17,"column":8},"end":{"line":60,"column":9}},"6":{"start":{"line":18,"column":29},"end":{"line":27,"column":14}},"7":{"start":{"line":29,"column":27},"end":{"line":29,"column":48}},"8":{"start":{"line":30,"column":12},"end":{"line":33,"column":13}},"9":{"start":{"line":31,"column":16},"end":{"line":31,"column":69}},"10":{"start":{"line":32,"column":16},"end":{"line":32,"column":30}},"11":{"start":{"line":36,"column":12},"end":{"line":36,"column":26}},"12":{"start":{"line":39,"column":29},"end":{"line":50,"column":14}},"13":{"start":{"line":51,"column":12},"end":{"line":54,"column":13}},"14":{"start":{"line":52,"column":16},"end":{"line":52,"column":79}},"15":{"start":{"line":53,"column":16},"end":{"line":53,"column":23}},"16":{"start":{"line":55,"column":25},"end":{"line":55,"column":46}},"17":{"start":{"line":56,"column":12},"end":{"line":56,"column":57}},"18":{"start":{"line":57,"column":12},"end":{"line":57,"column":37}},"19":{"start":{"line":62,"column":8},"end":{"line":62,"column":53}},"20":{"start":{"line":66,"column":0},"end":{"line":66,"column":34}}},"fnMap":{"0":{"name":"send_email_gmail","decl":{"start":{"line":1,"column":15},"end":{"line":1,"column":31}},"loc":{"start":{"line":1,"column":75},"end":{"line":64,"column":1}},"line":1}},"branchMap":{"0":{"loc":{"start":{"line":30,"column":12},"end":{"line":33,"column":13}},"type":"if","locations":[{"start":{"line":30,"column":12},"end":{"line":33,"column":13}},{"start":{},"end":{}}],"line":30},"1":{"loc":{"start":{"line":51,"column":12},"end":{"line":54,"column":13}},"type":"if","locations":[{"start":{"line":51,"column":12},"end":{"line":54,"column":13}},{"start":{},"end":{}}],"line":51}},"s":{"0":3,"1":3,"2":3,"3":3,"4":3,"5":3,"6":3,"7":2,"8":2,"9":1,"10":1,"11":1,"12":1,"13":1,"14":0,"15":0,"16":1,"17":0,"18":0,"19":1,"20":1},"f":{"0":3},"b":{"0":[1,1],"1":[0,1]},"_coverageSchema":"1a1c01bbd47fc00a2c39e90264f33305004495a9","hash":"ef15d68f65e0c82d5fb8f1e9502b5a4396ee5f37"}
,"/home/green-peace/Tek3/AREA/AREAHIIIIII/server/source/services/GitHubAuth.js": {"path":"/home/green-peace/Tek3/AREA/AREAHIIIIII/server/source/services/GitHubAuth.js","statementMap":{"0":{"start":{"line":1,"column":14},"end":{"line":1,"column":35}},"1":{"start":{"line":5,"column":8},"end":{"line":5,"column":47}},"2":{"start":{"line":6,"column":8},"end":{"line":6,"column":53}},"3":{"start":{"line":7,"column":8},"end":{"line":7,"column":61}},"4":{"start":{"line":8,"column":8},"end":{"line":8,"column":32}},"5":{"start":{"line":12,"column":23},"end":{"line":15,"column":19}},"6":{"start":{"line":17,"column":8},"end":{"line":19,"column":31}},"7":{"start":{"line":23,"column":25},"end":{"line":23,"column":70}},"8":{"start":{"line":24,"column":23},"end":{"line":29,"column":10}},"9":{"start":{"line":31,"column":8},"end":{"line":50,"column":9}},"10":{"start":{"line":32,"column":29},"end":{"line":38,"column":14}},"11":{"start":{"line":40,"column":12},"end":{"line":43,"column":13}},"12":{"start":{"line":41,"column":34},"end":{"line":41,"column":55}},"13":{"start":{"line":42,"column":16},"end":{"line":42,"column":82}},"14":{"start":{"line":45,"column":25},"end":{"line":45,"column":46}},"15":{"start":{"line":46,"column":12},"end":{"line":46,"column":24}},"16":{"start":{"line":48,"column":12},"end":{"line":48,"column":66}},"17":{"start":{"line":49,"column":12},"end":{"line":49,"column":24}},"18":{"start":{"line":54,"column":24},"end":{"line":54,"column":53}},"19":{"start":{"line":56,"column":8},"end":{"line":73,"column":9}},"20":{"start":{"line":57,"column":29},"end":{"line":62,"column":14}},"21":{"start":{"line":64,"column":12},"end":{"line":67,"column":13}},"22":{"start":{"line":65,"column":34},"end":{"line":65,"column":55}},"23":{"start":{"line":66,"column":16},"end":{"line":66,"column":92}},"24":{"start":{"line":69,"column":12},"end":{"line":69,"column":41}},"25":{"start":{"line":71,"column":12},"end":{"line":71,"column":76}},"26":{"start":{"line":72,"column":12},"end":{"line":72,"column":24}},"27":{"start":{"line":77,"column":0},"end":{"line":77,"column":28}}},"fnMap":{"0":{"name":"(anonymous_0)","decl":{"start":{"line":4,"column":4},"end":{"line":4,"column":5}},"loc":{"start":{"line":4,"column":33},"end":{"line":9,"column":5}},"line":4},"1":{"name":"(anonymous_1)","decl":{"start":{"line":11,"column":4},"end":{"line":11,"column":5}},"loc":{"start":{"line":11,"column":17},"end":{"line":20,"column":5}},"line":11},"2":{"name":"(anonymous_2)","decl":{"start":{"line":22,"column":4},"end":{"line":22,"column":5}},"loc":{"start":{"line":22,"column":32},"end":{"line":51,"column":5}},"line":22},"3":{"name":"(anonymous_3)","decl":{"start":{"line":53,"column":4},"end":{"line":53,"column":5}},"loc":{"start":{"line":53,"column":37},"end":{"line":74,"column":5}},"line":53}},"branchMap":{"0":{"loc":{"start":{"line":40,"column":12},"end":{"line":43,"column":13}},"type":"if","locations":[{"start":{"line":40,"column":12},"end":{"line":43,"column":13}},{"start":{},"end":{}}],"line":40},"1":{"loc":{"start":{"line":64,"column":12},"end":{"line":67,"column":13}},"type":"if","locations":[{"start":{"line":64,"column":12},"end":{"line":67,"column":13}},{"start":{},"end":{}}],"line":64}},"s":{"0":1,"1":5,"2":5,"3":5,"4":5,"5":1,"6":1,"7":2,"8":2,"9":2,"10":2,"11":2,"12":1,"13":1,"14":1,"15":1,"16":1,"17":1,"18":2,"19":2,"20":2,"21":2,"22":1,"23":1,"24":1,"25":1,"26":1,"27":1},"f":{"0":5,"1":1,"2":2,"3":2},"b":{"0":[1,1],"1":[1,1]},"_coverageSchema":"1a1c01bbd47fc00a2c39e90264f33305004495a9","hash":"ad657862c69822c958df360fb44ab9c1905c25bf"}
,"/home/green-peace/Tek3/AREA/AREAHIIIIII/server/source/services/GoogleAuth.js": {"path":"/home/green-peace/Tek3/AREA/AREAHIIIIII/server/source/services/GoogleAuth.js","statementMap":{"0":{"start":{"line":1,"column":19},"end":{"line":1,"column":40}},"1":{"start":{"line":2,"column":15},"end":{"line":2,"column":33}},"2":{"start":{"line":6,"column":8},"end":{"line":10,"column":10}},"3":{"start":{"line":11,"column":8},"end":{"line":11,"column":32}},"4":{"start":{"line":12,"column":8},"end":{"line":12,"column":47}},"5":{"start":{"line":13,"column":8},"end":{"line":13,"column":32}},"6":{"start":{"line":14,"column":8},"end":{"line":14,"column":32}},"7":{"start":{"line":18,"column":8},"end":{"line":22,"column":11}},"8":{"start":{"line":27,"column":8},"end":{"line":32,"column":11}},"9":{"start":{"line":36,"column":27},"end":{"line":36,"column":65}},"10":{"start":{"line":37,"column":8},"end":{"line":37,"column":49}},"11":{"start":{"line":38,"column":23},"end":{"line":41,"column":10}},"12":{"start":{"line":42,"column":25},"end":{"line":42,"column":52}},"13":{"start":{"line":43,"column":8},"end":{"line":43,"column":20}},"14":{"start":{"line":47,"column":27},"end":{"line":47,"column":65}},"15":{"start":{"line":48,"column":8},"end":{"line":48,"column":22}},"16":{"start":{"line":52,"column":8},"end":{"line":58,"column":9}},"17":{"start":{"line":53,"column":29},"end":{"line":53,"column":69}},"18":{"start":{"line":54,"column":12},"end":{"line":54,"column":28}},"19":{"start":{"line":56,"column":12},"end":{"line":56,"column":74}},"20":{"start":{"line":57,"column":12},"end":{"line":57,"column":24}},"21":{"start":{"line":62,"column":0},"end":{"line":62,"column":35}}},"fnMap":{"0":{"name":"(anonymous_0)","decl":{"start":{"line":5,"column":4},"end":{"line":5,"column":5}},"loc":{"start":{"line":5,"column":33},"end":{"line":15,"column":5}},"line":5},"1":{"name":"(anonymous_1)","decl":{"start":{"line":17,"column":4},"end":{"line":17,"column":5}},"loc":{"start":{"line":17,"column":17},"end":{"line":23,"column":5}},"line":17},"2":{"name":"(anonymous_2)","decl":{"start":{"line":26,"column":4},"end":{"line":26,"column":5}},"loc":{"start":{"line":26,"column":22},"end":{"line":33,"column":5}},"line":26},"3":{"name":"(anonymous_3)","decl":{"start":{"line":35,"column":4},"end":{"line":35,"column":5}},"loc":{"start":{"line":35,"column":30},"end":{"line":44,"column":5}},"line":35},"4":{"name":"(anonymous_4)","decl":{"start":{"line":46,"column":4},"end":{"line":46,"column":5}},"loc":{"start":{"line":46,"column":31},"end":{"line":49,"column":5}},"line":46},"5":{"name":"(anonymous_5)","decl":{"start":{"line":51,"column":4},"end":{"line":51,"column":5}},"loc":{"start":{"line":51,"column":38},"end":{"line":59,"column":5}},"line":51}},"branchMap":{},"s":{"0":1,"1":1,"2":7,"3":7,"4":7,"5":7,"6":7,"7":1,"8":1,"9":2,"10":0,"11":0,"12":0,"13":0,"14":1,"15":1,"16":2,"17":2,"18":1,"19":1,"20":1,"21":1},"f":{"0":7,"1":1,"2":1,"3":2,"4":1,"5":2},"b":{},"_coverageSchema":"1a1c01bbd47fc00a2c39e90264f33305004495a9","hash":"260399d272f1917f6d043de8de8b776a6483e281"}
,"/home/green-peace/Tek3/AREA/AREAHIIIIII/server/source/services/MicrosoftAuth.js": {"path":"/home/green-peace/Tek3/AREA/AREAHIIIIII/server/source/services/MicrosoftAuth.js","statementMap":{"0":{"start":{"line":1,"column":13},"end":{"line":1,"column":40}},"1":{"start":{"line":5,"column":8},"end":{"line":5,"column":47}},"2":{"start":{"line":6,"column":8},"end":{"line":12,"column":10}},"3":{"start":{"line":13,"column":8},"end":{"line":13,"column":77}},"4":{"start":{"line":14,"column":8},"end":{"line":14,"column":32}},"5":{"start":{"line":15,"column":8},"end":{"line":15,"column":32}},"6":{"start":{"line":16,"column":8},"end":{"line":16,"column":32}},"7":{"start":{"line":20,"column":30},"end":{"line":23,"column":9}},"8":{"start":{"line":24,"column":25},"end":{"line":24,"column":69}},"9":{"start":{"line":25,"column":8},"end":{"line":25,"column":24}},"10":{"start":{"line":29,"column":29},"end":{"line":33,"column":9}},"11":{"start":{"line":35,"column":25},"end":{"line":35,"column":72}},"12":{"start":{"line":37,"column":8},"end":{"line":37,"column":24}},"13":{"start":{"line":40,"column":0},"end":{"line":40,"column":31}}},"fnMap":{"0":{"name":"(anonymous_0)","decl":{"start":{"line":4,"column":4},"end":{"line":4,"column":5}},"loc":{"start":{"line":4,"column":33},"end":{"line":17,"column":5}},"line":4},"1":{"name":"(anonymous_1)","decl":{"start":{"line":19,"column":4},"end":{"line":19,"column":5}},"loc":{"start":{"line":19,"column":23},"end":{"line":26,"column":5}},"line":19},"2":{"name":"(anonymous_2)","decl":{"start":{"line":28,"column":4},"end":{"line":28,"column":5}},"loc":{"start":{"line":28,"column":33},"end":{"line":38,"column":5}},"line":28}},"branchMap":{},"s":{"0":1,"1":4,"2":4,"3":4,"4":4,"5":4,"6":4,"7":2,"8":2,"9":1,"10":2,"11":2,"12":1,"13":1},"f":{"0":4,"1":2,"2":2},"b":{},"_coverageSchema":"1a1c01bbd47fc00a2c39e90264f33305004495a9","hash":"9c9ce0958180eebc60a1a35934447472f56b3893"}
,"/home/green-peace/Tek3/AREA/AREAHIIIIII/server/source/services/SpotifyAuth.js": {"path":"/home/green-peace/Tek3/AREA/AREAHIIIIII/server/source/services/SpotifyAuth.js","statementMap":{"0":{"start":{"line":1,"column":22},"end":{"line":1,"column":53}},"1":{"start":{"line":5,"column":8},"end":{"line":9,"column":11}},"2":{"start":{"line":10,"column":8},"end":{"line":10,"column":47}},"3":{"start":{"line":11,"column":8},"end":{"line":11,"column":32}},"4":{"start":{"line":12,"column":8},"end":{"line":12,"column":32}},"5":{"start":{"line":13,"column":8},"end":{"line":13,"column":32}},"6":{"start":{"line":17,"column":8},"end":{"line":28,"column":17}},"7":{"start":{"line":31,"column":8},"end":{"line":41,"column":9}},"8":{"start":{"line":32,"column":25},"end":{"line":32,"column":75}},"9":{"start":{"line":33,"column":12},"end":{"line":33,"column":70}},"10":{"start":{"line":34,"column":12},"end":{"line":34,"column":72}},"11":{"start":{"line":36,"column":29},"end":{"line":36,"column":58}},"12":{"start":{"line":37,"column":12},"end":{"line":37,"column":33}},"13":{"start":{"line":39,"column":12},"end":{"line":39,"column":67}},"14":{"start":{"line":40,"column":12},"end":{"line":40,"column":63}},"15":{"start":{"line":45,"column":8},"end":{"line":54,"column":9}},"16":{"start":{"line":46,"column":25},"end":{"line":46,"column":75}},"17":{"start":{"line":47,"column":12},"end":{"line":50,"column":14}},"18":{"start":{"line":52,"column":12},"end":{"line":52,"column":69}},"19":{"start":{"line":53,"column":12},"end":{"line":53,"column":65}},"20":{"start":{"line":58,"column":0},"end":{"line":58,"column":36}}},"fnMap":{"0":{"name":"(anonymous_0)","decl":{"start":{"line":4,"column":4},"end":{"line":4,"column":5}},"loc":{"start":{"line":4,"column":33},"end":{"line":14,"column":5}},"line":4},"1":{"name":"(anonymous_1)","decl":{"start":{"line":16,"column":4},"end":{"line":16,"column":5}},"loc":{"start":{"line":16,"column":17},"end":{"line":28,"column":22}},"line":16},"2":{"name":"(anonymous_2)","decl":{"start":{"line":30,"column":4},"end":{"line":30,"column":5}},"loc":{"start":{"line":30,"column":31},"end":{"line":42,"column":5}},"line":30},"3":{"name":"(anonymous_3)","decl":{"start":{"line":44,"column":4},"end":{"line":44,"column":5}},"loc":{"start":{"line":44,"column":33},"end":{"line":55,"column":5}},"line":44}},"branchMap":{},"s":{"0":1,"1":5,"2":5,"3":5,"4":5,"5":5,"6":1,"7":2,"8":2,"9":1,"10":1,"11":1,"12":1,"13":1,"14":1,"15":2,"16":2,"17":1,"18":1,"19":1,"20":1},"f":{"0":5,"1":1,"2":2,"3":2},"b":{},"_coverageSchema":"1a1c01bbd47fc00a2c39e90264f33305004495a9","hash":"826e19b34bdf14c8afd9c5a30f439daafd95e177"}
,"/home/green-peace/Tek3/AREA/AREAHIIIIII/server/source/services/TwitchAuth.js": {"path":"/home/green-peace/Tek3/AREA/AREAHIIIIII/server/source/services/TwitchAuth.js","statementMap":{"0":{"start":{"line":1,"column":14},"end":{"line":1,"column":35}},"1":{"start":{"line":5,"column":8},"end":{"line":5,"column":47}},"2":{"start":{"line":6,"column":8},"end":{"line":6,"column":53}},"3":{"start":{"line":7,"column":8},"end":{"line":7,"column":61}},"4":{"start":{"line":8,"column":8},"end":{"line":8,"column":32}},"5":{"start":{"line":9,"column":8},"end":{"line":9,"column":44}},"6":{"start":{"line":10,"column":8},"end":{"line":10,"column":35}},"7":{"start":{"line":14,"column":23},"end":{"line":59,"column":19}},"8":{"start":{"line":61,"column":24},"end":{"line":63,"column":81}},"9":{"start":{"line":64,"column":8},"end":{"line":64,"column":23}},"10":{"start":{"line":68,"column":25},"end":{"line":68,"column":60}},"11":{"start":{"line":70,"column":23},"end":{"line":76,"column":10}},"12":{"start":{"line":78,"column":8},"end":{"line":96,"column":9}},"13":{"start":{"line":79,"column":29},"end":{"line":85,"column":14}},"14":{"start":{"line":87,"column":12},"end":{"line":89,"column":13}},"15":{"start":{"line":88,"column":16},"end":{"line":88,"column":81}},"16":{"start":{"line":91,"column":25},"end":{"line":91,"column":46}},"17":{"start":{"line":92,"column":12},"end":{"line":92,"column":24}},"18":{"start":{"line":94,"column":12},"end":{"line":94,"column":65}},"19":{"start":{"line":95,"column":12},"end":{"line":95,"column":24}},"20":{"start":{"line":100,"column":0},"end":{"line":100,"column":28}}},"fnMap":{"0":{"name":"(anonymous_0)","decl":{"start":{"line":4,"column":4},"end":{"line":4,"column":5}},"loc":{"start":{"line":4,"column":33},"end":{"line":11,"column":5}},"line":4},"1":{"name":"(anonymous_1)","decl":{"start":{"line":13,"column":4},"end":{"line":13,"column":5}},"loc":{"start":{"line":13,"column":17},"end":{"line":65,"column":5}},"line":13},"2":{"name":"(anonymous_2)","decl":{"start":{"line":67,"column":4},"end":{"line":67,"column":5}},"loc":{"start":{"line":67,"column":32},"end":{"line":97,"column":5}},"line":67}},"branchMap":{"0":{"loc":{"start":{"line":87,"column":12},"end":{"line":89,"column":13}},"type":"if","locations":[{"start":{"line":87,"column":12},"end":{"line":89,"column":13}},{"start":{},"end":{}}],"line":87}},"s":{"0":1,"1":3,"2":3,"3":3,"4":3,"5":3,"6":3,"7":0,"8":0,"9":0,"10":3,"11":3,"12":3,"13":3,"14":2,"15":1,"16":1,"17":1,"18":2,"19":2,"20":1},"f":{"0":3,"1":0,"2":3},"b":{"0":[1,1]},"_coverageSchema":"1a1c01bbd47fc00a2c39e90264f33305004495a9","hash":"08ca0095143f08b0be9ea6082567f7665f5592aa"}
}
