TN:
SF:source/reactions/create_spotify_playlist.js
FN:3,createSpotifyPlaylist
FNF:1
FNH:1
FNDA:2,createSpotifyPlaylist
DA:1,1
DA:4,2
DA:5,2
DA:7,2
DA:23,2
DA:24,1
DA:25,1
DA:26,1
DA:29,1
DA:30,1
DA:31,1
DA:34,1
LF:12
LH:12
BRDA:18,0,0,2
BRDA:18,0,1,0
BRDA:23,1,0,1
BRDA:23,1,1,1
BRF:4
BRH:3
end_of_record
TN:
SF:source/reactions/send_email_gmail.js
FN:1,send_email_gmail
FNF:1
FNH:1
FNDA:3,send_email_gmail
DA:2,3
DA:3,3
DA:4,3
DA:7,3
DA:15,3
DA:17,3
DA:18,3
DA:29,2
DA:30,2
DA:31,1
DA:32,1
DA:36,1
DA:39,1
DA:51,1
DA:52,0
DA:53,0
DA:55,1
DA:56,0
DA:57,0
DA:62,1
DA:66,1
LF:21
LH:17
BRDA:30,0,0,1
BRDA:30,0,1,1
BRDA:51,1,0,0
BRDA:51,1,1,1
BRF:4
BRH:3
end_of_record
TN:
SF:source/services/GitHubAuth.js
FN:4,(anonymous_0)
FN:11,(anonymous_1)
FN:22,(anonymous_2)
FN:53,(anonymous_3)
FNF:4
FNH:4
FNDA:5,(anonymous_0)
FNDA:1,(anonymous_1)
FNDA:2,(anonymous_2)
FNDA:2,(anonymous_3)
DA:1,1
DA:5,5
DA:6,5
DA:7,5
DA:8,5
DA:12,1
DA:17,1
DA:23,2
DA:24,2
DA:31,2
DA:32,2
DA:40,2
DA:41,1
DA:42,1
DA:45,1
DA:46,1
DA:48,1
DA:49,1
DA:54,2
DA:56,2
DA:57,2
DA:64,2
DA:65,1
DA:66,1
DA:69,1
DA:71,1
DA:72,1
DA:77,1
LF:28
LH:28
BRDA:40,0,0,1
BRDA:40,0,1,1
BRDA:64,1,0,1
BRDA:64,1,1,1
BRF:4
BRH:4
end_of_record
TN:
SF:source/services/GoogleAuth.js
FN:5,(anonymous_0)
FN:17,(anonymous_1)
FN:26,(anonymous_2)
FN:35,(anonymous_3)
FN:46,(anonymous_4)
FN:51,(anonymous_5)
FNF:6
FNH:6
FNDA:7,(anonymous_0)
FNDA:1,(anonymous_1)
FNDA:1,(anonymous_2)
FNDA:2,(anonymous_3)
FNDA:1,(anonymous_4)
FNDA:2,(anonymous_5)
DA:1,1
DA:2,1
DA:6,7
DA:11,7
DA:12,7
DA:13,7
DA:14,7
DA:18,1
DA:27,1
DA:36,2
DA:37,0
DA:38,0
DA:42,0
DA:43,0
DA:47,1
DA:48,1
DA:52,2
DA:53,2
DA:54,1
DA:56,1
DA:57,1
DA:62,1
LF:22
LH:18
BRF:0
BRH:0
end_of_record
TN:
SF:source/services/MicrosoftAuth.js
FN:4,(anonymous_0)
FN:19,(anonymous_1)
FN:28,(anonymous_2)
FNF:3
FNH:3
FNDA:4,(anonymous_0)
FNDA:2,(anonymous_1)
FNDA:2,(anonymous_2)
DA:1,1
DA:5,4
DA:6,4
DA:13,4
DA:14,4
DA:15,4
DA:16,4
DA:20,2
DA:24,2
DA:25,1
DA:29,2
DA:35,2
DA:37,1
DA:40,1
LF:14
LH:14
BRF:0
BRH:0
end_of_record
TN:
SF:source/services/SpotifyAuth.js
FN:4,(anonymous_0)
FN:16,(anonymous_1)
FN:30,(anonymous_2)
FN:44,(anonymous_3)
FNF:4
FNH:4
FNDA:5,(anonymous_0)
FNDA:1,(anonymous_1)
FNDA:2,(anonymous_2)
FNDA:2,(anonymous_3)
DA:1,1
DA:5,5
DA:10,5
DA:11,5
DA:12,5
DA:13,5
DA:17,1
DA:31,2
DA:32,2
DA:33,1
DA:34,1
DA:36,1
DA:37,1
DA:39,1
DA:40,1
DA:45,2
DA:46,2
DA:47,1
DA:52,1
DA:53,1
DA:58,1
LF:21
LH:21
BRF:0
BRH:0
end_of_record
TN:
SF:source/services/TwitchAuth.js
FN:4,(anonymous_0)
FN:13,(anonymous_1)
FN:67,(anonymous_2)
FNF:3
FNH:2
FNDA:3,(anonymous_0)
FNDA:0,(anonymous_1)
FNDA:3,(anonymous_2)
DA:1,1
DA:5,3
DA:6,3
DA:7,3
DA:8,3
DA:9,3
DA:10,3
DA:14,0
DA:61,0
DA:64,0
DA:68,3
DA:70,3
DA:78,3
DA:79,3
DA:87,2
DA:88,1
DA:91,1
DA:92,1
DA:94,2
DA:95,2
DA:100,1
LF:21
LH:18
BRDA:87,0,0,1
BRDA:87,0,1,1
BRF:2
BRH:2
end_of_record
